<?xml version="1.0" encoding="UTF-8"?>
<!-- Generated by org.testng.reporters.JUnitReportReporter -->
<testsuite hostname="AUTOMATION-LAB" failures="0" tests="1" name="com.OrangeHrm.genericScripts.BasePage" time="9.186" errors="0" timestamp="2024-12-08T10:12:14 IST" skipped="0">
  <testcase classname="com.OrangeHrm.genericScripts.BasePage" name="Test" time="9.186"/>
</testsuite> <!-- com.OrangeHrm.genericScripts.BasePage -->
